Started GET "/" for ::1 at 2020-11-13 23:37:28 +0800
  
AbstractController::Helpers::MissingHelperError (Missing helper file helpers/c:/users/kzy19/desktop/program/blog/app/helpers/application_helper.rb_helper.rb):
  
app/controllers/application_controller.rb:1:in `<main>'
app/controllers/home_controller.rb:1:in `<main>'
Started GET "/" for ::1 at 2020-11-13 23:37:58 +0800
  
AbstractController::Helpers::MissingHelperError (Missing helper file helpers/c:/users/kzy19/desktop/program/blog/app/helpers/application_helper.rb_helper.rb):
  
app/controllers/application_controller.rb:1:in `<main>'
app/controllers/home_controller.rb:1:in `<main>'
Started GET "/" for 127.0.0.1 at 2020-11-13 23:41:37 +0800
  
AbstractController::Helpers::MissingHelperError (Missing helper file helpers/c:/users/kzy19/desktop/program/blog/app/helpers/application_helper.rb_helper.rb):
  
app/controllers/application_controller.rb:1:in `<main>'
app/controllers/home_controller.rb:1:in `<main>'
Started GET "/" for ::1 at 2020-11-13 23:45:04 +0800
Processing by HomeController#index as HTML
  Rendering home/index.html.erb within layouts/application
  Rendered home/index.html.erb within layouts/application (9.2ms)
Completed 200 OK in 932ms (Views: 901.9ms | ActiveRecord: 0.0ms)


Started GET "/" for ::1 at 2020-11-14 00:03:16 +0800
Processing by HomeController#index as HTML
  Rendering home/index.html.erb within layouts/application
  Rendered home/index.html.erb within layouts/application (5.1ms)
Completed 200 OK in 451ms (Views: 435.7ms | ActiveRecord: 0.0ms)


